make.exe all --print-data-base --no-builtin-variables --no-builtin-rules --question
make: *** No rule to make target 'all'.  Stop.

# GNU Make 4.3
# Built for x86_64-pc-msys
# Copyright (C) 1988-2020 Free Software Foundation, Inc.
# License GPLv3+: GNU GPL version 3 or later <http://gnu.org/licenses/gpl.html>
# This is free software: you are free to change and redistribute it.
# There is NO WARRANTY, to the extent permitted by law.
 

# Make data base, printed on Sun Oct 16 14:41:54 2022

# Variables

# environment
FPS_BROWSER_APP_PROFILE_STRING = Internet Explorer
# environment
SYSTEMDRIVE = C:
# environment
NFAST_HOME = C:\Program Files\nCipher\nfast\
 
# environment
LC_ALL = C
# environment
USERPROFILE = C:\Users\Nail Ismagilov
# environment
VBOX_MSI_INSTALL_PATH = C:\Program Files\Oracle\VirtualBox\
# environment
LOCALAPPDATA = C:\Users\Nail Ismagilov\AppData\Local
# environment
VSCODE_CWD = C:\Program Files\Microsoft VS Code
# environment
SYSTEMROOT = C:\WINDOWS
# environment
PROCESSOR_LEVEL = 6
# environment
PSMODULEPATH = C:\Program Files\WindowsPowerShell\Modules;C:\WINDOWS\system32\WindowsPowerShell\v1.0\Modules
# default
MAKE_COMMAND := make
# automatic
@D = $(patsubst %/,%,$(dir $@))
# environment
CHROME_CRASHPAD_PIPE_NAME = \\.\pipe\crashpad_21872_DJYDKRJQAHMNLABZ
# environment
FPS_BROWSER_USER_PROFILE_STRING = Default
# environment
VSCODE_HANDLES_UNCAUGHT_ERRORS = true
# default
.VARIABLES := 
# automatic
%D = $(patsubst %/,%,$(dir $%))
# automatic
^D = $(patsubst %/,%,$(dir $^))
# automatic
%F = $(notdir $%)
# environment
VSCODE_CODE_CACHE_PATH = C:\Users\Nail Ismagilov\AppData\Roaming\Code\CachedData\d045a5eda657f4d7b676dedbfa7aab8207f8a075
# environment
LANG = C
# default
.LOADED := 
# environment
TMP = /c/Users/NAILIS~1/AppData/Local/Temp
# default
.INCLUDE_DIRS = /usr/include /usr/include
# environment
NFAST_LOGDIR = C:\ProgramData\nCipher\Log Files
# environment
CONFIGSETROOT = C:\WINDOWS\ConfigSetRoot
# makefile
MAKEFLAGS = pqrR
 
# environment
ONEDRIVE = C:\Users\Nail Ismagilov\OneDrive
# makefile
CURDIR := /c/Users/Nail Ismagilov/OneDrive/Dokumente/Embedded C/K-R
# environment
APPLICATION_INSIGHTS_NO_DIAGNOSTIC_CHANNEL = 1
# automatic
*D = $(patsubst %/,%,$(dir $*))
# environment
PROGRAMFILES = C:\Program Files
# environment
MFLAGS = -pqrR
# default
.SHELLFLAGS := -c
# environment
!C: = c:\Users\Nail Ismagilov\OneDrive\Dokumente\Embedded C\K-R
# environment
COMMONPROGRAMW6432 = C:\Program Files\Common Files
# automatic
+D = $(patsubst %/,%,$(dir $+))
# makefile (from 'sources.mk', line 1)
MAKEFILE_LIST := Makefile sources.mk
# automatic
@F = $(notdir $@)
# environment
NFAST_KMDATA = C:\ProgramData\nCipher\Key Management Data
# environment
VSCODE_PID = 21872
# automatic
?D = $(patsubst %/,%,$(dir $?))
# automatic
*F = $(notdir $*)
# automatic
<D = $(patsubst %/,%,$(dir $<))
# environment
VSCODE_NLS_CONFIG = {"locale":"de","availableLanguages":{"*":"de"},"_languagePackId":"0618824fb9f5769483a7597afd5fbb5e.de","_translationsConfigFile":"C:\\Users\\Nail Ismagilov\\AppData\\Roaming\\Code\\clp\\0618824fb9f5769483a7597afd5fbb5e.de\\tcf.json","_cacheRoot":"C:\\Users\\Nail Ismagilov\\AppData\\Roaming\\Code\\clp\\0618824fb9f5769483a7597afd5fbb5e.de","_resolvedLanguagePackCoreLocation":"C:\\Users\\Nail Ismagilov\\AppData\\Roaming\\Code\\clp\\0618824fb9f5769483a7597afd5fbb5e.de\\d045a5eda657f4d7b676dedbfa7aab8207f8a075","_corruptedFile":"C:\\Users\\Nail Ismagilov\\AppData\\Roaming\\Code\\clp\\0618824fb9f5769483a7597afd5fbb5e.de\\corrupted.info","_languagePackSupport":true}
 
# environment
ONEDRIVECONSUMER = C:\Users\Nail Ismagilov\OneDrive
# default
MAKE_HOST := x86_64-pc-msys
# makefile (from 'Makefile', line 8)
OBJS = $(SOURCES:.c=.o)
# environment
PROGRAMDATA = C:\ProgramData
# default
SHELL := /bin/sh
# environment
HOMEPATH = \Users\Nail Ismagilov
# default
MAKECMDGOALS := all
# environment
DRIVERDATA = C:\Windows\System32\Drivers\DriverData
# environment
COMSPEC = C:\WINDOWS\system32\cmd.exe
# environment
WINDIR = C:\WINDOWS
# environment
MAKELEVEL := 0
# default
MAKE = $(MAKE_COMMAND)
# environment
PATH = /c/Program Files (x86)/Intel/Intel(R) Management Engine Components/iCLS:/c/Program Files/Intel/Intel(R) Management Engine Components/iCLS:/c/WINDOWS/system32:/c/WINDOWS:/c/WINDOWS/System32/Wbem:/c/WINDOWS/System32/WindowsPowerShell/v1.0:/c/Program Files (x86)/Intel/Intel(R) Management Engine Components/DAL:/c/Program Files/Intel/Intel(R) Management Engine Components/DAL:/c/Program Files (x86)/Intel/Intel(R) Management Engine Components/IPT:/c/Program Files/Intel/Intel(R) Management Engine Components/IPT:/c/WINDOWS/System32/OpenSSH:/c/Program Files/Calibre2:/c/Program Files/Microsoft VS Code/bin:/c/Program Files/PuTTY:/mingw64/bin:/mingw64:/usr/bin:/c/Program Files/Git/cmd:/c/Program Files/CMake/bin:/c/Program Files (x86)/dotnet:/c/Users/Nail Ismagilov/AppData/Local/Microsoft/WindowsApps
# environment
COMPUTERNAME = LAPTOP-I6O02NI5
# default
MAKEFILES := 
# automatic
^F = $(notdir $^)
# environment
PROMPT = $P$G
# environment
LOGONSERVER = \\LAPTOP-I6O02NI5
# environment
USERNAME = Nail Ismagilov
# environment
COMMONPROGRAMFILES = C:\Program Files\Common Files
# automatic
?F = $(notdir $?)
# environment
PROGRAMW6432 = C:\Program Files
# environment
PATHEXT = .COM;.EXE;.BAT;.CMD;.VBS;.VBE;.JS;.JSE;.WSF;.WSH;.MSC
# automatic
+F = $(notdir $+)
# environment
ORIGINAL_XDG_CURRENT_DESKTOP = undefined
# environment
USERDOMAIN = LAPTOP-I6O02NI5
# 'override' directive
GNUMAKEFLAGS := 
# environment
OS = Windows_NT
# makefile
.DEFAULT_GOAL := build
 
# default
MAKE_VERSION := 4.3
# environment
NFAST_CERTDIR = C:\ProgramData\nCipher\Feature Certificates
# environment
PROGRAMFILES(X86) = C:\Program Files (x86)
# environment
USERDOMAIN_ROAMINGPROFILE = LAPTOP-I6O02NI5
# environment
NUMBER_OF_PROCESSORS = 8
# environment
PUBLIC = C:\Users\Public
# environment
APPDATA = C:\Users\Nail Ismagilov\AppData\Roaming
# makefile (from 'Makefile', line 10)
CFLAGS = -g -Werror
# environment
HOMEDRIVE = C:
# environment
PROCESSOR_ARCHITECTURE = AMD64
# environment
VSCODE_AMD_ENTRYPOINT = vs/workbench/api/node/extensionHostProcess
# environment
HOME = /home/Nail Ismagilov
# environment
COMMONPROGRAMFILES(X86) = C:\Program Files (x86)\Common Files
# environment
ELECTRON_RUN_AS_NODE = 1
# environment
TEMP = /c/Users/NAILIS~1/AppData/Local/Temp
# environment
VSCODE_IPC_HOOK = \\.\pipe\4a70b94d2e0e87a949c0175a1a96f87a-1.72.2-main-sock
# environment
TERM = xterm-256color
# default
.RECIPEPREFIX := 
# automatic
<F = $(notdir $<)
# default
SUFFIXES := 
# environment
ALLUSERSPROFILE = C:\ProgramData
# makefile (from 'Makefile', line 11)
TARGET = program
# environment
SESSIONNAME = Console
# default
.FEATURES := target-specific order-only second-expansion else-if shortest-stem undefine oneshell nocomment grouped-target extra-prereqs archives jobserver output-sync check-symlink load
# environment
PROCESSOR_REVISION = 8e0a
# makefile (from 'Makefile', line 9)
CC = gcc 
# environment
PROCESSOR_IDENTIFIER = Intel64 Family 6 Model 142 Stepping 10, GenuineIntel
# variable set hash-table stats:
# Load=102/1024=10%, Rehash=0, Collisions=14/137=10%

# Pattern-specific Variable Values

# No pattern-specific variable values.

# Directories

# . (device 2153107485, inode 48132221017624614): 10 files, no impossibilities.

# 10 files, no impossibilities in 1 directories.

# Implicit Rules

%.o: %.c
#  recipe to execute (from 'Makefile', line 20):
	$(CC) -c -g $< $(INCLUDES) -o $@

# 1 implicit rules, 0 (0.0%) terminal.
# Files

# Not a target:
Makefile:
#  Implicit rule search has been done.
#  Last modified 2022-10-16 14:41:08.4638
#  File has been updated.
#  Successfully updated.

clean:
#  Phony target (prerequisite of .PHONY).
#  Implicit rule search has not been done.
#  File does not exist.
#  File has not been updated.
#  recipe to execute (from 'Makefile', line 31):
	rm -f $(OBJS) *.out $(TARGET).exe

# Not a target:
.DEFAULT:
#  Implicit rule search has not been done.
#  Modification time never checked.
#  File has not been updated.

# Not a target:
all:
#  Command line target.
#  Implicit rule search has been done.
#  File does not exist.
#  File has not been updated.

build:
#  Implicit rule search has not been done.
#  Modification time never checked.
#  File has not been updated.
#  recipe to execute (from 'Makefile', line 24):
	$(CC) $(CFLAGS) $(INCLUDES) $(OBJS) -o $(TARGET).exe

# Not a target:
sources.mk:
#  Implicit rule search has been done.
#  Last modified 2022-10-07 18:07:46.7266694
#  File has been updated.
#  Successfully updated.

.PHONY: clean
#  Implicit rule search has not been done.
#  Modification time never checked.
#  File has not been updated.

# files hash-table stats:
# Load=8/1024=1%, Rehash=0, Collisions=0/21=0%
# VPATH Search Paths
 

# No 'vpath' search paths.

# No general ('VPATH' variable) search path.

# strcache buffers: 1 (0) / strings = 19 / storage = 130 B / avg = 6 B
# current buf: size = 8162 B / used = 130 B / count = 19 / avg = 6 B

# strcache performance: lookups = 29 / hit rate = 34%
# hash-table stats:
# Load=19/8192=0%, Rehash=0, Collisions=0/29=0%
# Finished Make data base on Sun Oct 16 14:41:54 2022

 
